
------------------------------------------------------------------------------------
Computing matrix product using multiplicateMatrixOnHost 
------------------------------------------------------------------------------------
Matrix_hostRef: (512×512)  CPU运行时间为：0.384747s


------------------------------------------------------------------------------------
Computing matrix product using multiplicateMatrixOnDevice 
------------------------------------------------------------------------------------
Matrix_deviceRef: (512×512)  <<<(256,256),(2,2)>>>  GPU运行时间为：0.003661s
Matrix_deviceRef shem: (512×512) blocksize: 32,  <<<(256,256),(2,2)>>>  GPU运行时间为：0.002763s
Matrix_deviceRef cublas: (512×512)  <<<(256,256),(2,2)>>>  GPU运行时间为：0.000620s

------------------------------------------------------------------------------------
Computing matrix product using multiplicateMatrixOnHost 
------------------------------------------------------------------------------------
Matrix_hostRef: (512×512)  CPU运行时间为：0.392003s


------------------------------------------------------------------------------------
Computing matrix product using multiplicateMatrixOnDevice 
------------------------------------------------------------------------------------
Matrix_deviceRef: (512×512)  <<<(256,256),(2,2)>>>  GPU运行时间为：0.003595s
Matrix_deviceRef shem: (512×512) blocksize: 64,  <<<(256,256),(2,2)>>>  GPU运行时间为：0.002916s
Matrix_deviceRef cublas: (512×512)  <<<(256,256),(2,2)>>>  GPU运行时间为：0.000502s

------------------------------------------------------------------------------------
Computing matrix product using multiplicateMatrixOnHost 
------------------------------------------------------------------------------------
Matrix_hostRef: (512×512)  CPU运行时间为：0.393208s


------------------------------------------------------------------------------------
Computing matrix product using multiplicateMatrixOnDevice 
------------------------------------------------------------------------------------
Matrix_deviceRef: (512×512)  <<<(256,256),(2,2)>>>  GPU运行时间为：0.003638s
Matrix_deviceRef shem: (512×512) blocksize: 16,  <<<(256,256),(2,2)>>>  GPU运行时间为：0.003194s
Matrix_deviceRef cublas: (512×512)  <<<(256,256),(2,2)>>>  GPU运行时间为：0.000463s

------------------------------------------------------------------------------------
Computing matrix product using multiplicateMatrixOnHost 
------------------------------------------------------------------------------------
Matrix_hostRef: (512×512)  CPU运行时间为：0.386998s


------------------------------------------------------------------------------------
Computing matrix product using multiplicateMatrixOnDevice 
------------------------------------------------------------------------------------
Matrix_deviceRef: (512×512)  <<<(256,256),(2,2)>>>  GPU运行时间为：0.003590s
Matrix_deviceRef shem: (512×512) blocksize: 8,  <<<(256,256),(2,2)>>>  GPU运行时间为：0.003663s
Matrix_deviceRef cublas: (512×512)  <<<(256,256),(2,2)>>>  GPU运行时间为：0.000545s

------------------------------------------------------------------------------------
Computing matrix product using multiplicateMatrixOnHost 
------------------------------------------------------------------------------------
Matrix_hostRef: (512×512)  CPU运行时间为：0.397015s


------------------------------------------------------------------------------------
Computing matrix product using multiplicateMatrixOnDevice 
------------------------------------------------------------------------------------
Matrix_deviceRef: (512×512)  <<<(256,256),(2,2)>>>  GPU运行时间为：0.003611s
Matrix_deviceRef shem: (512×512) blocksize: 4,  <<<(256,256),(2,2)>>>  GPU运行时间为：0.005005s
Matrix_deviceRef cublas: (512×512)  <<<(256,256),(2,2)>>>  GPU运行时间为：0.000601s

------------------------------------------------------------------------------------
Computing matrix product using multiplicateMatrixOnHost 
------------------------------------------------------------------------------------
Matrix_hostRef: (512×512)  CPU运行时间为：0.398294s


------------------------------------------------------------------------------------
Computing matrix product using multiplicateMatrixOnDevice 
------------------------------------------------------------------------------------
Matrix_deviceRef: (512×512)  <<<(256,256),(2,2)>>>  GPU运行时间为：0.003695s
Matrix_deviceRef shem: (512×512) blocksize: 2,  <<<(256,256),(2,2)>>>  GPU运行时间为：0.009288s
Matrix_deviceRef cublas: (512×512)  <<<(256,256),(2,2)>>>  GPU运行时间为：0.000558s

------------------------------------------------------------------------------------
Computing matrix product using multiplicateMatrixOnHost 
------------------------------------------------------------------------------------
Matrix_hostRef: (512×512)  CPU运行时间为：0.398820s


------------------------------------------------------------------------------------
Computing matrix product using multiplicateMatrixOnDevice 
------------------------------------------------------------------------------------
Matrix_deviceRef: (512×512)  <<<(256,256),(2,2)>>>  GPU运行时间为：0.003586s
Matrix_deviceRef shem: (512×512) blocksize: 1,  <<<(256,256),(2,2)>>>  GPU运行时间为：0.017470s
Matrix_deviceRef cublas: (512×512)  <<<(256,256),(2,2)>>>  GPU运行时间为：0.000450s
